<?xml version="1.0" encoding="UTF-8"?>
<!-- Generated by org.testng.reporters.JUnitXMLReporter -->
<testsuite ignored="0" hostname="LAPTOP-4IBD932O" failures="0" tests="1" name="Test1" time="0.048" errors="0" timestamp="2022-06-08T15:09:51 IST">
  <testcase classname="com.app.TestCases.AppTest" name="@BeforeTest launchBrowser" time="0.001">
    <failure type="java.lang.NullPointerException">
      <![CDATA[java.lang.NullPointerException
at com.app.Utilities.BrowserFactory.getBrowser(BrowserFactory.java:17)
at com.app.TestCases.AppTest.launchBrowser(AppTest.java:25)
... Removed 24 stack frames]]>
    </failure>
  </testcase> <!-- @BeforeTest launchBrowser -->
  <testcase classname="com.app.TestCases.AppTest" name="@AfterTest closebrowser" time="-1.654681191588E9">
    <skipped/>
  </testcase> <!-- @AfterTest closebrowser -->
  <testcase classname="com.app.TestCases.AppTest" name="shouldAnswerWithTrue" time="0.0">
    <skipped/>
  </testcase> <!-- shouldAnswerWithTrue -->
</testsuite> <!-- Test1 -->
